<?xml version="1.0" encoding="UTF-8"?>
<testng-results ignored="0" total="1" passed="1" failed="0" skipped="0">
  <reporter-output>
  </reporter-output>
  <suite started-at="2023-05-24T18:20:26 EDT" name="Suite" finished-at="2023-05-24T18:20:35 EDT" duration-ms="8934">
    <groups>
    </groups>
    <test started-at="2023-05-24T18:20:26 EDT" name="JenkinsMavenIntegration" finished-at="2023-05-24T18:20:35 EDT" duration-ms="8934">
      <class name="TestCases.InsuletPageTest">
        <test-method is-config="true" signature="setExtent()[pri:0, instance:TestCases.InsuletPageTest@4b14c583]" started-at="2023-05-24T18:20:26 EDT" name="setExtent" finished-at="2023-05-24T18:20:27 EDT" duration-ms="226" status="PASS">
          <reporter-output>
          </reporter-output>
        </test-method> <!-- setExtent -->
        <test-method is-config="true" signature="setup(java.lang.String)[pri:0, instance:TestCases.InsuletPageTest@4b14c583]" started-at="2023-05-24T18:20:27 EDT" name="setup" finished-at="2023-05-24T18:20:29 EDT" duration-ms="2251" status="PASS">
          <params>
            <param index="0">
              <value>
                <![CDATA[Chrome]]>
              </value>
            </param>
          </params>
          <reporter-output>
          </reporter-output>
        </test-method> <!-- setup -->
        <test-method signature="omnipodTest()[pri:0, instance:TestCases.InsuletPageTest@4b14c583]" started-at="2023-05-24T18:20:29 EDT" name="omnipodTest" finished-at="2023-05-24T18:20:35 EDT" duration-ms="5983" status="PASS">
          <reporter-output>
          </reporter-output>
        </test-method> <!-- omnipodTest -->
        <test-method is-config="true" signature="endReport()[pri:0, instance:TestCases.InsuletPageTest@4b14c583]" started-at="2023-05-24T18:20:35 EDT" name="endReport" finished-at="2023-05-24T18:20:35 EDT" duration-ms="431" status="PASS">
          <reporter-output>
          </reporter-output>
        </test-method> <!-- endReport -->
      </class> <!-- TestCases.InsuletPageTest -->
    </test> <!-- JenkinsMavenIntegration -->
  </suite> <!-- Suite -->
</testng-results>
